Drill report for 30A_Home_Automation_with_ESP32.kicad_pcb
Created on 2025-12-27T10:25:44+0530

Copper Layer Stackup:
    =============================================================
    L1 :  F.Cu                      front
    L2 :  B.Cu                      back


Drill file '30A_Home_Automation_with_ESP32-PTH.drl' contains
    plated through holes:
    =============================================================
    T1  0.200mm  0.0079"  (12 holes)
    T2  0.300mm  0.0118"  (18 holes)
    T3  0.500mm  0.0197"  (32 holes)
    T4  0.750mm  0.0295"  (6 holes)
    T5  0.800mm  0.0315"  (12 holes)
    T6  1.000mm  0.0394"  (8 holes)
    T7  1.100mm  0.0433"  (10 holes)
    T8  1.300mm  0.0512"  (5 holes)
    T9  1.400mm  0.0551"  (7 holes)
    T10  1.600mm  0.0630"  (2 holes)
    T11  2.700mm  0.1063"  (4 holes)

    Total plated holes count 116


Drill file '30A_Home_Automation_with_ESP32-NPTH.drl' contains
    unplated through holes:
    =============================================================

    Total unplated holes count 0
